15:19:18,011 [main] WARN  AppHelper - ###Start the Program###
15:22:08,681 [AWT-EventQueue-0] ERROR AppHelper - error on display image
javax.imageio.IIOException: Can't read input file!
	at javax.imageio.ImageIO.read(ImageIO.java:1301) ~[?:1.8.0_05]
	at com.cch.aj.entryrecorder.common.AppHelper.DisplayImage(AppHelper.java:75) [classes/:?]
	at com.cch.aj.entryrecorder.common.AppHelper.DisplayImage(AppHelper.java:70) [classes/:?]
	at com.cch.aj.entryrecorder.frame.SettingsJFrame.UpdateMouldUI(SettingsJFrame.java:4292) [classes/:?]
	at com.cch.aj.entryrecorder.frame.SettingsJFrame.UpdateTabMould(SettingsJFrame.java:251) [classes/:?]
	at com.cch.aj.entryrecorder.frame.SettingsJFrame.cbMouldActionPerformed(SettingsJFrame.java:4221) [classes/:?]
	at com.cch.aj.entryrecorder.frame.SettingsJFrame.access$1600(SettingsJFrame.java:83) [classes/:?]
	at com.cch.aj.entryrecorder.frame.SettingsJFrame$17.actionPerformed(SettingsJFrame.java:2540) [classes/:?]
	at javax.swing.JComboBox.fireActionEvent(JComboBox.java:1258) [?:1.8.0_05]
	at javax.swing.JComboBox.setSelectedItem(JComboBox.java:586) [?:1.8.0_05]
	at javax.swing.JComboBox.setSelectedIndex(JComboBox.java:622) [?:1.8.0_05]
	at javax.swing.plaf.basic.BasicComboPopup$Handler.mouseReleased(BasicComboPopup.java:834) [?:1.8.0_05]
	at java.awt.AWTEventMulticaster.mouseReleased(AWTEventMulticaster.java:290) [?:1.8.0_05]
	at java.awt.Component.processMouseEvent(Component.java:6527) [?:1.8.0_05]
	at javax.swing.JComponent.processMouseEvent(JComponent.java:3321) [?:1.8.0_05]
	at javax.swing.plaf.basic.BasicComboPopup$1.processMouseEvent(BasicComboPopup.java:498) [?:1.8.0_05]
	at java.awt.Component.processEvent(Component.java:6292) [?:1.8.0_05]
	at java.awt.Container.processEvent(Container.java:2234) [?:1.8.0_05]
	at java.awt.Component.dispatchEventImpl(Component.java:4883) [?:1.8.0_05]
	at java.awt.Container.dispatchEventImpl(Container.java:2292) [?:1.8.0_05]
	at java.awt.Component.dispatchEvent(Component.java:4705) [?:1.8.0_05]
	at java.awt.LightweightDispatcher.retargetMouseEvent(Container.java:4898) [?:1.8.0_05]
	at java.awt.LightweightDispatcher.processMouseEvent(Container.java:4533) [?:1.8.0_05]
	at java.awt.LightweightDispatcher.dispatchEvent(Container.java:4462) [?:1.8.0_05]
	at java.awt.Container.dispatchEventImpl(Container.java:2278) [?:1.8.0_05]
	at java.awt.Window.dispatchEventImpl(Window.java:2739) [?:1.8.0_05]
	at java.awt.Component.dispatchEvent(Component.java:4705) [?:1.8.0_05]
	at java.awt.EventQueue.dispatchEventImpl(EventQueue.java:746) [?:1.8.0_05]
	at java.awt.EventQueue.access$400(EventQueue.java:97) [?:1.8.0_05]
	at java.awt.EventQueue$3.run(EventQueue.java:697) [?:1.8.0_05]
	at java.awt.EventQueue$3.run(EventQueue.java:691) [?:1.8.0_05]
	at java.security.AccessController.doPrivileged(Native Method) [?:1.8.0_05]
	at java.security.ProtectionDomain$1.doIntersectionPrivilege(ProtectionDomain.java:75) [?:1.8.0_05]
	at java.security.ProtectionDomain$1.doIntersectionPrivilege(ProtectionDomain.java:86) [?:1.8.0_05]
	at java.awt.EventQueue$4.run(EventQueue.java:719) [?:1.8.0_05]
	at java.awt.EventQueue$4.run(EventQueue.java:717) [?:1.8.0_05]
	at java.security.AccessController.doPrivileged(Native Method) [?:1.8.0_05]
	at java.security.ProtectionDomain$1.doIntersectionPrivilege(ProtectionDomain.java:75) [?:1.8.0_05]
	at java.awt.EventQueue.dispatchEvent(EventQueue.java:716) [?:1.8.0_05]
	at java.awt.EventDispatchThread.pumpOneEventForFilters(EventDispatchThread.java:201) [?:1.8.0_05]
	at java.awt.EventDispatchThread.pumpEventsForFilter(EventDispatchThread.java:116) [?:1.8.0_05]
	at java.awt.EventDispatchThread.pumpEventsForHierarchy(EventDispatchThread.java:105) [?:1.8.0_05]
	at java.awt.EventDispatchThread.pumpEvents(EventDispatchThread.java:101) [?:1.8.0_05]
	at java.awt.EventDispatchThread.pumpEvents(EventDispatchThread.java:93) [?:1.8.0_05]
	at java.awt.EventDispatchThread.run(EventDispatchThread.java:82) [?:1.8.0_05]
15:22:23,102 [AWT-EventQueue-0] ERROR AppHelper - error on display image
javax.imageio.IIOException: Can't read input file!
	at javax.imageio.ImageIO.read(ImageIO.java:1301) ~[?:1.8.0_05]
	at com.cch.aj.entryrecorder.common.AppHelper.DisplayImage(AppHelper.java:75) [classes/:?]
	at com.cch.aj.entryrecorder.common.AppHelper.DisplayImage(AppHelper.java:70) [classes/:?]
	at com.cch.aj.entryrecorder.frame.SettingsJFrame.UpdateMouldUI(SettingsJFrame.java:4292) [classes/:?]
	at com.cch.aj.entryrecorder.frame.SettingsJFrame.UpdateTabMould(SettingsJFrame.java:251) [classes/:?]
	at com.cch.aj.entryrecorder.frame.SettingsJFrame.cbMouldActionPerformed(SettingsJFrame.java:4221) [classes/:?]
	at com.cch.aj.entryrecorder.frame.SettingsJFrame.access$1600(SettingsJFrame.java:83) [classes/:?]
	at com.cch.aj.entryrecorder.frame.SettingsJFrame$17.actionPerformed(SettingsJFrame.java:2540) [classes/:?]
	at javax.swing.JComboBox.fireActionEvent(JComboBox.java:1258) [?:1.8.0_05]
	at javax.swing.JComboBox.setSelectedItem(JComboBox.java:586) [?:1.8.0_05]
	at javax.swing.JComboBox.setSelectedIndex(JComboBox.java:622) [?:1.8.0_05]
	at javax.swing.plaf.basic.BasicComboPopup$Handler.mouseReleased(BasicComboPopup.java:834) [?:1.8.0_05]
	at java.awt.AWTEventMulticaster.mouseReleased(AWTEventMulticaster.java:290) [?:1.8.0_05]
	at java.awt.Component.processMouseEvent(Component.java:6527) [?:1.8.0_05]
	at javax.swing.JComponent.processMouseEvent(JComponent.java:3321) [?:1.8.0_05]
	at javax.swing.plaf.basic.BasicComboPopup$1.processMouseEvent(BasicComboPopup.java:498) [?:1.8.0_05]
	at java.awt.Component.processEvent(Component.java:6292) [?:1.8.0_05]
	at java.awt.Container.processEvent(Container.java:2234) [?:1.8.0_05]
	at java.awt.Component.dispatchEventImpl(Component.java:4883) [?:1.8.0_05]
	at java.awt.Container.dispatchEventImpl(Container.java:2292) [?:1.8.0_05]
	at java.awt.Component.dispatchEvent(Component.java:4705) [?:1.8.0_05]
	at java.awt.LightweightDispatcher.retargetMouseEvent(Container.java:4898) [?:1.8.0_05]
	at java.awt.LightweightDispatcher.processMouseEvent(Container.java:4533) [?:1.8.0_05]
	at java.awt.LightweightDispatcher.dispatchEvent(Container.java:4462) [?:1.8.0_05]
	at java.awt.Container.dispatchEventImpl(Container.java:2278) [?:1.8.0_05]
	at java.awt.Window.dispatchEventImpl(Window.java:2739) [?:1.8.0_05]
	at java.awt.Component.dispatchEvent(Component.java:4705) [?:1.8.0_05]
	at java.awt.EventQueue.dispatchEventImpl(EventQueue.java:746) [?:1.8.0_05]
	at java.awt.EventQueue.access$400(EventQueue.java:97) [?:1.8.0_05]
	at java.awt.EventQueue$3.run(EventQueue.java:697) [?:1.8.0_05]
	at java.awt.EventQueue$3.run(EventQueue.java:691) [?:1.8.0_05]
	at java.security.AccessController.doPrivileged(Native Method) [?:1.8.0_05]
	at java.security.ProtectionDomain$1.doIntersectionPrivilege(ProtectionDomain.java:75) [?:1.8.0_05]
	at java.security.ProtectionDomain$1.doIntersectionPrivilege(ProtectionDomain.java:86) [?:1.8.0_05]
	at java.awt.EventQueue$4.run(EventQueue.java:719) [?:1.8.0_05]
	at java.awt.EventQueue$4.run(EventQueue.java:717) [?:1.8.0_05]
	at java.security.AccessController.doPrivileged(Native Method) [?:1.8.0_05]
	at java.security.ProtectionDomain$1.doIntersectionPrivilege(ProtectionDomain.java:75) [?:1.8.0_05]
	at java.awt.EventQueue.dispatchEvent(EventQueue.java:716) [?:1.8.0_05]
	at java.awt.EventDispatchThread.pumpOneEventForFilters(EventDispatchThread.java:201) [?:1.8.0_05]
	at java.awt.EventDispatchThread.pumpEventsForFilter(EventDispatchThread.java:116) [?:1.8.0_05]
	at java.awt.EventDispatchThread.pumpEventsForHierarchy(EventDispatchThread.java:105) [?:1.8.0_05]
	at java.awt.EventDispatchThread.pumpEvents(EventDispatchThread.java:101) [?:1.8.0_05]
	at java.awt.EventDispatchThread.pumpEvents(EventDispatchThread.java:93) [?:1.8.0_05]
	at java.awt.EventDispatchThread.run(EventDispatchThread.java:82) [?:1.8.0_05]
15:22:26,969 [AWT-EventQueue-0] ERROR AppHelper - error on display image
javax.imageio.IIOException: Can't read input file!
	at javax.imageio.ImageIO.read(ImageIO.java:1301) ~[?:1.8.0_05]
	at com.cch.aj.entryrecorder.common.AppHelper.DisplayImage(AppHelper.java:75) [classes/:?]
	at com.cch.aj.entryrecorder.common.AppHelper.DisplayImage(AppHelper.java:70) [classes/:?]
	at com.cch.aj.entryrecorder.frame.SettingsJFrame.UpdateProductUI(SettingsJFrame.java:5149) [classes/:?]
	at com.cch.aj.entryrecorder.frame.SettingsJFrame.UpdateTabProduct(SettingsJFrame.java:332) [classes/:?]
	at com.cch.aj.entryrecorder.frame.SettingsJFrame.cbProductActionPerformed(SettingsJFrame.java:4656) [classes/:?]
	at com.cch.aj.entryrecorder.frame.SettingsJFrame.access$2200(SettingsJFrame.java:83) [classes/:?]
	at com.cch.aj.entryrecorder.frame.SettingsJFrame$23.actionPerformed(SettingsJFrame.java:2643) [classes/:?]
	at javax.swing.JComboBox.fireActionEvent(JComboBox.java:1258) [?:1.8.0_05]
	at javax.swing.JComboBox.setSelectedItem(JComboBox.java:586) [?:1.8.0_05]
	at javax.swing.JComboBox.setSelectedIndex(JComboBox.java:622) [?:1.8.0_05]
	at javax.swing.plaf.basic.BasicComboPopup$Handler.mouseReleased(BasicComboPopup.java:834) [?:1.8.0_05]
	at java.awt.AWTEventMulticaster.mouseReleased(AWTEventMulticaster.java:290) [?:1.8.0_05]
	at java.awt.Component.processMouseEvent(Component.java:6527) [?:1.8.0_05]
	at javax.swing.JComponent.processMouseEvent(JComponent.java:3321) [?:1.8.0_05]
	at javax.swing.plaf.basic.BasicComboPopup$1.processMouseEvent(BasicComboPopup.java:498) [?:1.8.0_05]
	at java.awt.Component.processEvent(Component.java:6292) [?:1.8.0_05]
	at java.awt.Container.processEvent(Container.java:2234) [?:1.8.0_05]
	at java.awt.Component.dispatchEventImpl(Component.java:4883) [?:1.8.0_05]
	at java.awt.Container.dispatchEventImpl(Container.java:2292) [?:1.8.0_05]
	at java.awt.Component.dispatchEvent(Component.java:4705) [?:1.8.0_05]
	at java.awt.LightweightDispatcher.retargetMouseEvent(Container.java:4898) [?:1.8.0_05]
	at java.awt.LightweightDispatcher.processMouseEvent(Container.java:4533) [?:1.8.0_05]
	at java.awt.LightweightDispatcher.dispatchEvent(Container.java:4462) [?:1.8.0_05]
	at java.awt.Container.dispatchEventImpl(Container.java:2278) [?:1.8.0_05]
	at java.awt.Window.dispatchEventImpl(Window.java:2739) [?:1.8.0_05]
	at java.awt.Component.dispatchEvent(Component.java:4705) [?:1.8.0_05]
	at java.awt.EventQueue.dispatchEventImpl(EventQueue.java:746) [?:1.8.0_05]
	at java.awt.EventQueue.access$400(EventQueue.java:97) [?:1.8.0_05]
	at java.awt.EventQueue$3.run(EventQueue.java:697) [?:1.8.0_05]
	at java.awt.EventQueue$3.run(EventQueue.java:691) [?:1.8.0_05]
	at java.security.AccessController.doPrivileged(Native Method) [?:1.8.0_05]
	at java.security.ProtectionDomain$1.doIntersectionPrivilege(ProtectionDomain.java:75) [?:1.8.0_05]
	at java.security.ProtectionDomain$1.doIntersectionPrivilege(ProtectionDomain.java:86) [?:1.8.0_05]
	at java.awt.EventQueue$4.run(EventQueue.java:719) [?:1.8.0_05]
	at java.awt.EventQueue$4.run(EventQueue.java:717) [?:1.8.0_05]
	at java.security.AccessController.doPrivileged(Native Method) [?:1.8.0_05]
	at java.security.ProtectionDomain$1.doIntersectionPrivilege(ProtectionDomain.java:75) [?:1.8.0_05]
	at java.awt.EventQueue.dispatchEvent(EventQueue.java:716) [?:1.8.0_05]
	at java.awt.EventDispatchThread.pumpOneEventForFilters(EventDispatchThread.java:201) [?:1.8.0_05]
	at java.awt.EventDispatchThread.pumpEventsForFilter(EventDispatchThread.java:116) [?:1.8.0_05]
	at java.awt.EventDispatchThread.pumpEventsForHierarchy(EventDispatchThread.java:105) [?:1.8.0_05]
	at java.awt.EventDispatchThread.pumpEvents(EventDispatchThread.java:101) [?:1.8.0_05]
	at java.awt.EventDispatchThread.pumpEvents(EventDispatchThread.java:93) [?:1.8.0_05]
	at java.awt.EventDispatchThread.run(EventDispatchThread.java:82) [?:1.8.0_05]
15:23:18,918 [AWT-EventQueue-0] ERROR AppHelper - error on display image
javax.imageio.IIOException: Can't read input file!
	at javax.imageio.ImageIO.read(ImageIO.java:1301) ~[?:1.8.0_05]
	at com.cch.aj.entryrecorder.common.AppHelper.DisplayImage(AppHelper.java:75) [classes/:?]
	at com.cch.aj.entryrecorder.common.AppHelper.DisplayImage(AppHelper.java:70) [classes/:?]
	at com.cch.aj.entryrecorder.frame.SettingsJFrame.UpdateProductUI(SettingsJFrame.java:5149) [classes/:?]
	at com.cch.aj.entryrecorder.frame.SettingsJFrame.UpdateTabProduct(SettingsJFrame.java:332) [classes/:?]
	at com.cch.aj.entryrecorder.frame.SettingsJFrame.cbProductActionPerformed(SettingsJFrame.java:4656) [classes/:?]
	at com.cch.aj.entryrecorder.frame.SettingsJFrame.access$2200(SettingsJFrame.java:83) [classes/:?]
	at com.cch.aj.entryrecorder.frame.SettingsJFrame$23.actionPerformed(SettingsJFrame.java:2643) [classes/:?]
	at javax.swing.JComboBox.fireActionEvent(JComboBox.java:1258) [?:1.8.0_05]
	at javax.swing.JComboBox.setSelectedItem(JComboBox.java:586) [?:1.8.0_05]
	at javax.swing.JComboBox.setSelectedIndex(JComboBox.java:622) [?:1.8.0_05]
	at javax.swing.plaf.basic.BasicComboPopup$Handler.mouseReleased(BasicComboPopup.java:834) [?:1.8.0_05]
	at java.awt.AWTEventMulticaster.mouseReleased(AWTEventMulticaster.java:290) [?:1.8.0_05]
	at java.awt.Component.processMouseEvent(Component.java:6527) [?:1.8.0_05]
	at javax.swing.JComponent.processMouseEvent(JComponent.java:3321) [?:1.8.0_05]
	at javax.swing.plaf.basic.BasicComboPopup$1.processMouseEvent(BasicComboPopup.java:498) [?:1.8.0_05]
	at java.awt.Component.processEvent(Component.java:6292) [?:1.8.0_05]
	at java.awt.Container.processEvent(Container.java:2234) [?:1.8.0_05]
	at java.awt.Component.dispatchEventImpl(Component.java:4883) [?:1.8.0_05]
	at java.awt.Container.dispatchEventImpl(Container.java:2292) [?:1.8.0_05]
	at java.awt.Component.dispatchEvent(Component.java:4705) [?:1.8.0_05]
	at java.awt.LightweightDispatcher.retargetMouseEvent(Container.java:4898) [?:1.8.0_05]
	at java.awt.LightweightDispatcher.processMouseEvent(Container.java:4533) [?:1.8.0_05]
	at java.awt.LightweightDispatcher.dispatchEvent(Container.java:4462) [?:1.8.0_05]
	at java.awt.Container.dispatchEventImpl(Container.java:2278) [?:1.8.0_05]
	at java.awt.Window.dispatchEventImpl(Window.java:2739) [?:1.8.0_05]
	at java.awt.Component.dispatchEvent(Component.java:4705) [?:1.8.0_05]
	at java.awt.EventQueue.dispatchEventImpl(EventQueue.java:746) [?:1.8.0_05]
	at java.awt.EventQueue.access$400(EventQueue.java:97) [?:1.8.0_05]
	at java.awt.EventQueue$3.run(EventQueue.java:697) [?:1.8.0_05]
	at java.awt.EventQueue$3.run(EventQueue.java:691) [?:1.8.0_05]
	at java.security.AccessController.doPrivileged(Native Method) [?:1.8.0_05]
	at java.security.ProtectionDomain$1.doIntersectionPrivilege(ProtectionDomain.java:75) [?:1.8.0_05]
	at java.security.ProtectionDomain$1.doIntersectionPrivilege(ProtectionDomain.java:86) [?:1.8.0_05]
	at java.awt.EventQueue$4.run(EventQueue.java:719) [?:1.8.0_05]
	at java.awt.EventQueue$4.run(EventQueue.java:717) [?:1.8.0_05]
	at java.security.AccessController.doPrivileged(Native Method) [?:1.8.0_05]
	at java.security.ProtectionDomain$1.doIntersectionPrivilege(ProtectionDomain.java:75) [?:1.8.0_05]
	at java.awt.EventQueue.dispatchEvent(EventQueue.java:716) [?:1.8.0_05]
	at java.awt.EventDispatchThread.pumpOneEventForFilters(EventDispatchThread.java:201) [?:1.8.0_05]
	at java.awt.EventDispatchThread.pumpEventsForFilter(EventDispatchThread.java:116) [?:1.8.0_05]
	at java.awt.EventDispatchThread.pumpEventsForHierarchy(EventDispatchThread.java:105) [?:1.8.0_05]
	at java.awt.EventDispatchThread.pumpEvents(EventDispatchThread.java:101) [?:1.8.0_05]
	at java.awt.EventDispatchThread.pumpEvents(EventDispatchThread.java:93) [?:1.8.0_05]
	at java.awt.EventDispatchThread.run(EventDispatchThread.java:82) [?:1.8.0_05]
15:23:55,850 [AWT-EventQueue-0] ERROR AppHelper - error on display image
javax.imageio.IIOException: Can't read input file!
	at javax.imageio.ImageIO.read(ImageIO.java:1301) ~[?:1.8.0_05]
	at com.cch.aj.entryrecorder.common.AppHelper.DisplayImageFromResource(AppHelper.java:87) [classes/:?]
	at com.cch.aj.entryrecorder.frame.MainJFrame.UpdateEntryForm(MainJFrame.java:170) [classes/:?]
	at com.cch.aj.entryrecorder.frame.MainJFrame.cbEntryActionPerformed(MainJFrame.java:3608) [classes/:?]
	at com.cch.aj.entryrecorder.frame.MainJFrame.access$000(MainJFrame.java:91) [classes/:?]
	at com.cch.aj.entryrecorder.frame.MainJFrame$1.actionPerformed(MainJFrame.java:801) [classes/:?]
	at javax.swing.JComboBox.fireActionEvent(JComboBox.java:1258) [?:1.8.0_05]
	at javax.swing.JComboBox.setSelectedItem(JComboBox.java:586) [?:1.8.0_05]
	at javax.swing.JComboBox.setSelectedIndex(JComboBox.java:622) [?:1.8.0_05]
	at javax.swing.plaf.basic.BasicComboPopup$Handler.mouseReleased(BasicComboPopup.java:834) [?:1.8.0_05]
	at java.awt.AWTEventMulticaster.mouseReleased(AWTEventMulticaster.java:290) [?:1.8.0_05]
	at java.awt.Component.processMouseEvent(Component.java:6527) [?:1.8.0_05]
	at javax.swing.JComponent.processMouseEvent(JComponent.java:3321) [?:1.8.0_05]
	at javax.swing.plaf.basic.BasicComboPopup$1.processMouseEvent(BasicComboPopup.java:498) [?:1.8.0_05]
	at java.awt.Component.processEvent(Component.java:6292) [?:1.8.0_05]
	at java.awt.Container.processEvent(Container.java:2234) [?:1.8.0_05]
	at java.awt.Component.dispatchEventImpl(Component.java:4883) [?:1.8.0_05]
	at java.awt.Container.dispatchEventImpl(Container.java:2292) [?:1.8.0_05]
	at java.awt.Component.dispatchEvent(Component.java:4705) [?:1.8.0_05]
	at java.awt.LightweightDispatcher.retargetMouseEvent(Container.java:4898) [?:1.8.0_05]
	at java.awt.LightweightDispatcher.processMouseEvent(Container.java:4533) [?:1.8.0_05]
	at java.awt.LightweightDispatcher.dispatchEvent(Container.java:4462) [?:1.8.0_05]
	at java.awt.Container.dispatchEventImpl(Container.java:2278) [?:1.8.0_05]
	at java.awt.Window.dispatchEventImpl(Window.java:2739) [?:1.8.0_05]
	at java.awt.Component.dispatchEvent(Component.java:4705) [?:1.8.0_05]
	at java.awt.EventQueue.dispatchEventImpl(EventQueue.java:746) [?:1.8.0_05]
	at java.awt.EventQueue.access$400(EventQueue.java:97) [?:1.8.0_05]
	at java.awt.EventQueue$3.run(EventQueue.java:697) [?:1.8.0_05]
	at java.awt.EventQueue$3.run(EventQueue.java:691) [?:1.8.0_05]
	at java.security.AccessController.doPrivileged(Native Method) [?:1.8.0_05]
	at java.security.ProtectionDomain$1.doIntersectionPrivilege(ProtectionDomain.java:75) [?:1.8.0_05]
	at java.security.ProtectionDomain$1.doIntersectionPrivilege(ProtectionDomain.java:86) [?:1.8.0_05]
	at java.awt.EventQueue$4.run(EventQueue.java:719) [?:1.8.0_05]
	at java.awt.EventQueue$4.run(EventQueue.java:717) [?:1.8.0_05]
	at java.security.AccessController.doPrivileged(Native Method) [?:1.8.0_05]
	at java.security.ProtectionDomain$1.doIntersectionPrivilege(ProtectionDomain.java:75) [?:1.8.0_05]
	at java.awt.EventQueue.dispatchEvent(EventQueue.java:716) [?:1.8.0_05]
	at java.awt.EventDispatchThread.pumpOneEventForFilters(EventDispatchThread.java:201) [?:1.8.0_05]
	at java.awt.EventDispatchThread.pumpEventsForFilter(EventDispatchThread.java:116) [?:1.8.0_05]
	at java.awt.EventDispatchThread.pumpEventsForHierarchy(EventDispatchThread.java:105) [?:1.8.0_05]
	at java.awt.EventDispatchThread.pumpEvents(EventDispatchThread.java:101) [?:1.8.0_05]
	at java.awt.EventDispatchThread.pumpEvents(EventDispatchThread.java:93) [?:1.8.0_05]
	at java.awt.EventDispatchThread.run(EventDispatchThread.java:82) [?:1.8.0_05]
15:23:55,852 [AWT-EventQueue-0] ERROR AppHelper - error on display image
javax.imageio.IIOException: Can't read input file!
	at javax.imageio.ImageIO.read(ImageIO.java:1301) ~[?:1.8.0_05]
	at com.cch.aj.entryrecorder.common.AppHelper.DisplayImageFromResource(AppHelper.java:87) [classes/:?]
	at com.cch.aj.entryrecorder.frame.MainJFrame.UpdateEntryForm(MainJFrame.java:175) [classes/:?]
	at com.cch.aj.entryrecorder.frame.MainJFrame.cbEntryActionPerformed(MainJFrame.java:3608) [classes/:?]
	at com.cch.aj.entryrecorder.frame.MainJFrame.access$000(MainJFrame.java:91) [classes/:?]
	at com.cch.aj.entryrecorder.frame.MainJFrame$1.actionPerformed(MainJFrame.java:801) [classes/:?]
	at javax.swing.JComboBox.fireActionEvent(JComboBox.java:1258) [?:1.8.0_05]
	at javax.swing.JComboBox.setSelectedItem(JComboBox.java:586) [?:1.8.0_05]
	at javax.swing.JComboBox.setSelectedIndex(JComboBox.java:622) [?:1.8.0_05]
	at javax.swing.plaf.basic.BasicComboPopup$Handler.mouseReleased(BasicComboPopup.java:834) [?:1.8.0_05]
	at java.awt.AWTEventMulticaster.mouseReleased(AWTEventMulticaster.java:290) [?:1.8.0_05]
	at java.awt.Component.processMouseEvent(Component.java:6527) [?:1.8.0_05]
	at javax.swing.JComponent.processMouseEvent(JComponent.java:3321) [?:1.8.0_05]
	at javax.swing.plaf.basic.BasicComboPopup$1.processMouseEvent(BasicComboPopup.java:498) [?:1.8.0_05]
	at java.awt.Component.processEvent(Component.java:6292) [?:1.8.0_05]
	at java.awt.Container.processEvent(Container.java:2234) [?:1.8.0_05]
	at java.awt.Component.dispatchEventImpl(Component.java:4883) [?:1.8.0_05]
	at java.awt.Container.dispatchEventImpl(Container.java:2292) [?:1.8.0_05]
	at java.awt.Component.dispatchEvent(Component.java:4705) [?:1.8.0_05]
	at java.awt.LightweightDispatcher.retargetMouseEvent(Container.java:4898) [?:1.8.0_05]
	at java.awt.LightweightDispatcher.processMouseEvent(Container.java:4533) [?:1.8.0_05]
	at java.awt.LightweightDispatcher.dispatchEvent(Container.java:4462) [?:1.8.0_05]
	at java.awt.Container.dispatchEventImpl(Container.java:2278) [?:1.8.0_05]
	at java.awt.Window.dispatchEventImpl(Window.java:2739) [?:1.8.0_05]
	at java.awt.Component.dispatchEvent(Component.java:4705) [?:1.8.0_05]
	at java.awt.EventQueue.dispatchEventImpl(EventQueue.java:746) [?:1.8.0_05]
	at java.awt.EventQueue.access$400(EventQueue.java:97) [?:1.8.0_05]
	at java.awt.EventQueue$3.run(EventQueue.java:697) [?:1.8.0_05]
	at java.awt.EventQueue$3.run(EventQueue.java:691) [?:1.8.0_05]
	at java.security.AccessController.doPrivileged(Native Method) [?:1.8.0_05]
	at java.security.ProtectionDomain$1.doIntersectionPrivilege(ProtectionDomain.java:75) [?:1.8.0_05]
	at java.security.ProtectionDomain$1.doIntersectionPrivilege(ProtectionDomain.java:86) [?:1.8.0_05]
	at java.awt.EventQueue$4.run(EventQueue.java:719) [?:1.8.0_05]
	at java.awt.EventQueue$4.run(EventQueue.java:717) [?:1.8.0_05]
	at java.security.AccessController.doPrivileged(Native Method) [?:1.8.0_05]
	at java.security.ProtectionDomain$1.doIntersectionPrivilege(ProtectionDomain.java:75) [?:1.8.0_05]
	at java.awt.EventQueue.dispatchEvent(EventQueue.java:716) [?:1.8.0_05]
	at java.awt.EventDispatchThread.pumpOneEventForFilters(EventDispatchThread.java:201) [?:1.8.0_05]
	at java.awt.EventDispatchThread.pumpEventsForFilter(EventDispatchThread.java:116) [?:1.8.0_05]
	at java.awt.EventDispatchThread.pumpEventsForHierarchy(EventDispatchThread.java:105) [?:1.8.0_05]
	at java.awt.EventDispatchThread.pumpEvents(EventDispatchThread.java:101) [?:1.8.0_05]
	at java.awt.EventDispatchThread.pumpEvents(EventDispatchThread.java:93) [?:1.8.0_05]
	at java.awt.EventDispatchThread.run(EventDispatchThread.java:82) [?:1.8.0_05]
15:23:55,854 [AWT-EventQueue-0] ERROR AppHelper - error on display image
javax.imageio.IIOException: Can't read input file!
	at javax.imageio.ImageIO.read(ImageIO.java:1301) ~[?:1.8.0_05]
	at com.cch.aj.entryrecorder.common.AppHelper.DisplayImageFromResource(AppHelper.java:87) [classes/:?]
	at com.cch.aj.entryrecorder.frame.MainJFrame.UpdateEntryForm(MainJFrame.java:180) [classes/:?]
	at com.cch.aj.entryrecorder.frame.MainJFrame.cbEntryActionPerformed(MainJFrame.java:3608) [classes/:?]
	at com.cch.aj.entryrecorder.frame.MainJFrame.access$000(MainJFrame.java:91) [classes/:?]
	at com.cch.aj.entryrecorder.frame.MainJFrame$1.actionPerformed(MainJFrame.java:801) [classes/:?]
	at javax.swing.JComboBox.fireActionEvent(JComboBox.java:1258) [?:1.8.0_05]
	at javax.swing.JComboBox.setSelectedItem(JComboBox.java:586) [?:1.8.0_05]
	at javax.swing.JComboBox.setSelectedIndex(JComboBox.java:622) [?:1.8.0_05]
	at javax.swing.plaf.basic.BasicComboPopup$Handler.mouseReleased(BasicComboPopup.java:834) [?:1.8.0_05]
	at java.awt.AWTEventMulticaster.mouseReleased(AWTEventMulticaster.java:290) [?:1.8.0_05]
	at java.awt.Component.processMouseEvent(Component.java:6527) [?:1.8.0_05]
	at javax.swing.JComponent.processMouseEvent(JComponent.java:3321) [?:1.8.0_05]
	at javax.swing.plaf.basic.BasicComboPopup$1.processMouseEvent(BasicComboPopup.java:498) [?:1.8.0_05]
	at java.awt.Component.processEvent(Component.java:6292) [?:1.8.0_05]
	at java.awt.Container.processEvent(Container.java:2234) [?:1.8.0_05]
	at java.awt.Component.dispatchEventImpl(Component.java:4883) [?:1.8.0_05]
	at java.awt.Container.dispatchEventImpl(Container.java:2292) [?:1.8.0_05]
	at java.awt.Component.dispatchEvent(Component.java:4705) [?:1.8.0_05]
	at java.awt.LightweightDispatcher.retargetMouseEvent(Container.java:4898) [?:1.8.0_05]
	at java.awt.LightweightDispatcher.processMouseEvent(Container.java:4533) [?:1.8.0_05]
	at java.awt.LightweightDispatcher.dispatchEvent(Container.java:4462) [?:1.8.0_05]
	at java.awt.Container.dispatchEventImpl(Container.java:2278) [?:1.8.0_05]
	at java.awt.Window.dispatchEventImpl(Window.java:2739) [?:1.8.0_05]
	at java.awt.Component.dispatchEvent(Component.java:4705) [?:1.8.0_05]
	at java.awt.EventQueue.dispatchEventImpl(EventQueue.java:746) [?:1.8.0_05]
	at java.awt.EventQueue.access$400(EventQueue.java:97) [?:1.8.0_05]
	at java.awt.EventQueue$3.run(EventQueue.java:697) [?:1.8.0_05]
	at java.awt.EventQueue$3.run(EventQueue.java:691) [?:1.8.0_05]
	at java.security.AccessController.doPrivileged(Native Method) [?:1.8.0_05]
	at java.security.ProtectionDomain$1.doIntersectionPrivilege(ProtectionDomain.java:75) [?:1.8.0_05]
	at java.security.ProtectionDomain$1.doIntersectionPrivilege(ProtectionDomain.java:86) [?:1.8.0_05]
	at java.awt.EventQueue$4.run(EventQueue.java:719) [?:1.8.0_05]
	at java.awt.EventQueue$4.run(EventQueue.java:717) [?:1.8.0_05]
	at java.security.AccessController.doPrivileged(Native Method) [?:1.8.0_05]
	at java.security.ProtectionDomain$1.doIntersectionPrivilege(ProtectionDomain.java:75) [?:1.8.0_05]
	at java.awt.EventQueue.dispatchEvent(EventQueue.java:716) [?:1.8.0_05]
	at java.awt.EventDispatchThread.pumpOneEventForFilters(EventDispatchThread.java:201) [?:1.8.0_05]
	at java.awt.EventDispatchThread.pumpEventsForFilter(EventDispatchThread.java:116) [?:1.8.0_05]
	at java.awt.EventDispatchThread.pumpEventsForHierarchy(EventDispatchThread.java:105) [?:1.8.0_05]
	at java.awt.EventDispatchThread.pumpEvents(EventDispatchThread.java:101) [?:1.8.0_05]
	at java.awt.EventDispatchThread.pumpEvents(EventDispatchThread.java:93) [?:1.8.0_05]
	at java.awt.EventDispatchThread.run(EventDispatchThread.java:82) [?:1.8.0_05]
15:23:55,856 [AWT-EventQueue-0] ERROR AppHelper - error on display image
javax.imageio.IIOException: Can't read input file!
	at javax.imageio.ImageIO.read(ImageIO.java:1301) ~[?:1.8.0_05]
	at com.cch.aj.entryrecorder.common.AppHelper.DisplayImageFromResource(AppHelper.java:87) [classes/:?]
	at com.cch.aj.entryrecorder.frame.MainJFrame.UpdateEntryForm(MainJFrame.java:185) [classes/:?]
	at com.cch.aj.entryrecorder.frame.MainJFrame.cbEntryActionPerformed(MainJFrame.java:3608) [classes/:?]
	at com.cch.aj.entryrecorder.frame.MainJFrame.access$000(MainJFrame.java:91) [classes/:?]
	at com.cch.aj.entryrecorder.frame.MainJFrame$1.actionPerformed(MainJFrame.java:801) [classes/:?]
	at javax.swing.JComboBox.fireActionEvent(JComboBox.java:1258) [?:1.8.0_05]
	at javax.swing.JComboBox.setSelectedItem(JComboBox.java:586) [?:1.8.0_05]
	at javax.swing.JComboBox.setSelectedIndex(JComboBox.java:622) [?:1.8.0_05]
	at javax.swing.plaf.basic.BasicComboPopup$Handler.mouseReleased(BasicComboPopup.java:834) [?:1.8.0_05]
	at java.awt.AWTEventMulticaster.mouseReleased(AWTEventMulticaster.java:290) [?:1.8.0_05]
	at java.awt.Component.processMouseEvent(Component.java:6527) [?:1.8.0_05]
	at javax.swing.JComponent.processMouseEvent(JComponent.java:3321) [?:1.8.0_05]
	at javax.swing.plaf.basic.BasicComboPopup$1.processMouseEvent(BasicComboPopup.java:498) [?:1.8.0_05]
	at java.awt.Component.processEvent(Component.java:6292) [?:1.8.0_05]
	at java.awt.Container.processEvent(Container.java:2234) [?:1.8.0_05]
	at java.awt.Component.dispatchEventImpl(Component.java:4883) [?:1.8.0_05]
	at java.awt.Container.dispatchEventImpl(Container.java:2292) [?:1.8.0_05]
	at java.awt.Component.dispatchEvent(Component.java:4705) [?:1.8.0_05]
	at java.awt.LightweightDispatcher.retargetMouseEvent(Container.java:4898) [?:1.8.0_05]
	at java.awt.LightweightDispatcher.processMouseEvent(Container.java:4533) [?:1.8.0_05]
	at java.awt.LightweightDispatcher.dispatchEvent(Container.java:4462) [?:1.8.0_05]
	at java.awt.Container.dispatchEventImpl(Container.java:2278) [?:1.8.0_05]
	at java.awt.Window.dispatchEventImpl(Window.java:2739) [?:1.8.0_05]
	at java.awt.Component.dispatchEvent(Component.java:4705) [?:1.8.0_05]
	at java.awt.EventQueue.dispatchEventImpl(EventQueue.java:746) [?:1.8.0_05]
	at java.awt.EventQueue.access$400(EventQueue.java:97) [?:1.8.0_05]
	at java.awt.EventQueue$3.run(EventQueue.java:697) [?:1.8.0_05]
	at java.awt.EventQueue$3.run(EventQueue.java:691) [?:1.8.0_05]
	at java.security.AccessController.doPrivileged(Native Method) [?:1.8.0_05]
	at java.security.ProtectionDomain$1.doIntersectionPrivilege(ProtectionDomain.java:75) [?:1.8.0_05]
	at java.security.ProtectionDomain$1.doIntersectionPrivilege(ProtectionDomain.java:86) [?:1.8.0_05]
	at java.awt.EventQueue$4.run(EventQueue.java:719) [?:1.8.0_05]
	at java.awt.EventQueue$4.run(EventQueue.java:717) [?:1.8.0_05]
	at java.security.AccessController.doPrivileged(Native Method) [?:1.8.0_05]
	at java.security.ProtectionDomain$1.doIntersectionPrivilege(ProtectionDomain.java:75) [?:1.8.0_05]
	at java.awt.EventQueue.dispatchEvent(EventQueue.java:716) [?:1.8.0_05]
	at java.awt.EventDispatchThread.pumpOneEventForFilters(EventDispatchThread.java:201) [?:1.8.0_05]
	at java.awt.EventDispatchThread.pumpEventsForFilter(EventDispatchThread.java:116) [?:1.8.0_05]
	at java.awt.EventDispatchThread.pumpEventsForHierarchy(EventDispatchThread.java:105) [?:1.8.0_05]
	at java.awt.EventDispatchThread.pumpEvents(EventDispatchThread.java:101) [?:1.8.0_05]
	at java.awt.EventDispatchThread.pumpEvents(EventDispatchThread.java:93) [?:1.8.0_05]
	at java.awt.EventDispatchThread.run(EventDispatchThread.java:82) [?:1.8.0_05]
15:23:55,857 [AWT-EventQueue-0] ERROR AppHelper - error on display image
javax.imageio.IIOException: Can't read input file!
	at javax.imageio.ImageIO.read(ImageIO.java:1301) ~[?:1.8.0_05]
	at com.cch.aj.entryrecorder.common.AppHelper.DisplayImageFromResource(AppHelper.java:87) [classes/:?]
	at com.cch.aj.entryrecorder.frame.MainJFrame.UpdateEntryForm(MainJFrame.java:197) [classes/:?]
	at com.cch.aj.entryrecorder.frame.MainJFrame.cbEntryActionPerformed(MainJFrame.java:3608) [classes/:?]
	at com.cch.aj.entryrecorder.frame.MainJFrame.access$000(MainJFrame.java:91) [classes/:?]
	at com.cch.aj.entryrecorder.frame.MainJFrame$1.actionPerformed(MainJFrame.java:801) [classes/:?]
	at javax.swing.JComboBox.fireActionEvent(JComboBox.java:1258) [?:1.8.0_05]
	at javax.swing.JComboBox.setSelectedItem(JComboBox.java:586) [?:1.8.0_05]
	at javax.swing.JComboBox.setSelectedIndex(JComboBox.java:622) [?:1.8.0_05]
	at javax.swing.plaf.basic.BasicComboPopup$Handler.mouseReleased(BasicComboPopup.java:834) [?:1.8.0_05]
	at java.awt.AWTEventMulticaster.mouseReleased(AWTEventMulticaster.java:290) [?:1.8.0_05]
	at java.awt.Component.processMouseEvent(Component.java:6527) [?:1.8.0_05]
	at javax.swing.JComponent.processMouseEvent(JComponent.java:3321) [?:1.8.0_05]
	at javax.swing.plaf.basic.BasicComboPopup$1.processMouseEvent(BasicComboPopup.java:498) [?:1.8.0_05]
	at java.awt.Component.processEvent(Component.java:6292) [?:1.8.0_05]
	at java.awt.Container.processEvent(Container.java:2234) [?:1.8.0_05]
	at java.awt.Component.dispatchEventImpl(Component.java:4883) [?:1.8.0_05]
	at java.awt.Container.dispatchEventImpl(Container.java:2292) [?:1.8.0_05]
	at java.awt.Component.dispatchEvent(Component.java:4705) [?:1.8.0_05]
	at java.awt.LightweightDispatcher.retargetMouseEvent(Container.java:4898) [?:1.8.0_05]
	at java.awt.LightweightDispatcher.processMouseEvent(Container.java:4533) [?:1.8.0_05]
	at java.awt.LightweightDispatcher.dispatchEvent(Container.java:4462) [?:1.8.0_05]
	at java.awt.Container.dispatchEventImpl(Container.java:2278) [?:1.8.0_05]
	at java.awt.Window.dispatchEventImpl(Window.java:2739) [?:1.8.0_05]
	at java.awt.Component.dispatchEvent(Component.java:4705) [?:1.8.0_05]
	at java.awt.EventQueue.dispatchEventImpl(EventQueue.java:746) [?:1.8.0_05]
	at java.awt.EventQueue.access$400(EventQueue.java:97) [?:1.8.0_05]
	at java.awt.EventQueue$3.run(EventQueue.java:697) [?:1.8.0_05]
	at java.awt.EventQueue$3.run(EventQueue.java:691) [?:1.8.0_05]
	at java.security.AccessController.doPrivileged(Native Method) [?:1.8.0_05]
	at java.security.ProtectionDomain$1.doIntersectionPrivilege(ProtectionDomain.java:75) [?:1.8.0_05]
	at java.security.ProtectionDomain$1.doIntersectionPrivilege(ProtectionDomain.java:86) [?:1.8.0_05]
	at java.awt.EventQueue$4.run(EventQueue.java:719) [?:1.8.0_05]
	at java.awt.EventQueue$4.run(EventQueue.java:717) [?:1.8.0_05]
	at java.security.AccessController.doPrivileged(Native Method) [?:1.8.0_05]
	at java.security.ProtectionDomain$1.doIntersectionPrivilege(ProtectionDomain.java:75) [?:1.8.0_05]
	at java.awt.EventQueue.dispatchEvent(EventQueue.java:716) [?:1.8.0_05]
	at java.awt.EventDispatchThread.pumpOneEventForFilters(EventDispatchThread.java:201) [?:1.8.0_05]
	at java.awt.EventDispatchThread.pumpEventsForFilter(EventDispatchThread.java:116) [?:1.8.0_05]
	at java.awt.EventDispatchThread.pumpEventsForHierarchy(EventDispatchThread.java:105) [?:1.8.0_05]
	at java.awt.EventDispatchThread.pumpEvents(EventDispatchThread.java:101) [?:1.8.0_05]
	at java.awt.EventDispatchThread.pumpEvents(EventDispatchThread.java:93) [?:1.8.0_05]
	at java.awt.EventDispatchThread.run(EventDispatchThread.java:82) [?:1.8.0_05]
15:23:55,858 [AWT-EventQueue-0] ERROR AppHelper - error on display image
javax.imageio.IIOException: Can't read input file!
	at javax.imageio.ImageIO.read(ImageIO.java:1301) ~[?:1.8.0_05]
	at com.cch.aj.entryrecorder.common.AppHelper.DisplayImage(AppHelper.java:75) [classes/:?]
	at com.cch.aj.entryrecorder.frame.MainJFrame.UpdateProductInfo(MainJFrame.java:4719) [classes/:?]
	at com.cch.aj.entryrecorder.frame.MainJFrame.UpdateEntryForm(MainJFrame.java:201) [classes/:?]
	at com.cch.aj.entryrecorder.frame.MainJFrame.cbEntryActionPerformed(MainJFrame.java:3608) [classes/:?]
	at com.cch.aj.entryrecorder.frame.MainJFrame.access$000(MainJFrame.java:91) [classes/:?]
	at com.cch.aj.entryrecorder.frame.MainJFrame$1.actionPerformed(MainJFrame.java:801) [classes/:?]
	at javax.swing.JComboBox.fireActionEvent(JComboBox.java:1258) [?:1.8.0_05]
	at javax.swing.JComboBox.setSelectedItem(JComboBox.java:586) [?:1.8.0_05]
	at javax.swing.JComboBox.setSelectedIndex(JComboBox.java:622) [?:1.8.0_05]
	at javax.swing.plaf.basic.BasicComboPopup$Handler.mouseReleased(BasicComboPopup.java:834) [?:1.8.0_05]
	at java.awt.AWTEventMulticaster.mouseReleased(AWTEventMulticaster.java:290) [?:1.8.0_05]
	at java.awt.Component.processMouseEvent(Component.java:6527) [?:1.8.0_05]
	at javax.swing.JComponent.processMouseEvent(JComponent.java:3321) [?:1.8.0_05]
	at javax.swing.plaf.basic.BasicComboPopup$1.processMouseEvent(BasicComboPopup.java:498) [?:1.8.0_05]
	at java.awt.Component.processEvent(Component.java:6292) [?:1.8.0_05]
	at java.awt.Container.processEvent(Container.java:2234) [?:1.8.0_05]
	at java.awt.Component.dispatchEventImpl(Component.java:4883) [?:1.8.0_05]
	at java.awt.Container.dispatchEventImpl(Container.java:2292) [?:1.8.0_05]
	at java.awt.Component.dispatchEvent(Component.java:4705) [?:1.8.0_05]
	at java.awt.LightweightDispatcher.retargetMouseEvent(Container.java:4898) [?:1.8.0_05]
	at java.awt.LightweightDispatcher.processMouseEvent(Container.java:4533) [?:1.8.0_05]
	at java.awt.LightweightDispatcher.dispatchEvent(Container.java:4462) [?:1.8.0_05]
	at java.awt.Container.dispatchEventImpl(Container.java:2278) [?:1.8.0_05]
	at java.awt.Window.dispatchEventImpl(Window.java:2739) [?:1.8.0_05]
	at java.awt.Component.dispatchEvent(Component.java:4705) [?:1.8.0_05]
	at java.awt.EventQueue.dispatchEventImpl(EventQueue.java:746) [?:1.8.0_05]
	at java.awt.EventQueue.access$400(EventQueue.java:97) [?:1.8.0_05]
	at java.awt.EventQueue$3.run(EventQueue.java:697) [?:1.8.0_05]
	at java.awt.EventQueue$3.run(EventQueue.java:691) [?:1.8.0_05]
	at java.security.AccessController.doPrivileged(Native Method) [?:1.8.0_05]
	at java.security.ProtectionDomain$1.doIntersectionPrivilege(ProtectionDomain.java:75) [?:1.8.0_05]
	at java.security.ProtectionDomain$1.doIntersectionPrivilege(ProtectionDomain.java:86) [?:1.8.0_05]
	at java.awt.EventQueue$4.run(EventQueue.java:719) [?:1.8.0_05]
	at java.awt.EventQueue$4.run(EventQueue.java:717) [?:1.8.0_05]
	at java.security.AccessController.doPrivileged(Native Method) [?:1.8.0_05]
	at java.security.ProtectionDomain$1.doIntersectionPrivilege(ProtectionDomain.java:75) [?:1.8.0_05]
	at java.awt.EventQueue.dispatchEvent(EventQueue.java:716) [?:1.8.0_05]
	at java.awt.EventDispatchThread.pumpOneEventForFilters(EventDispatchThread.java:201) [?:1.8.0_05]
	at java.awt.EventDispatchThread.pumpEventsForFilter(EventDispatchThread.java:116) [?:1.8.0_05]
	at java.awt.EventDispatchThread.pumpEventsForHierarchy(EventDispatchThread.java:105) [?:1.8.0_05]
	at java.awt.EventDispatchThread.pumpEvents(EventDispatchThread.java:101) [?:1.8.0_05]
	at java.awt.EventDispatchThread.pumpEvents(EventDispatchThread.java:93) [?:1.8.0_05]
	at java.awt.EventDispatchThread.run(EventDispatchThread.java:82) [?:1.8.0_05]
